<?xml version="1.0" encoding="UTF-8" ?>
<testsuite failures="0" time="15.698" errors="1" skipped="0" tests="6" name="cn.itcast.bos.dao.base.StandardRepositoryTest">
  <properties>
    <property name="jboss.i18n.generate-proxies" value="true"/>
    <property name="java.runtime.name" value="Java(TM) SE Runtime Environment"/>
    <property name="sun.boot.library.path" value="C:\Program Files\Java\jdk1.7.0_80\jre\bin"/>
    <property name="java.vm.version" value="24.80-b11"/>
    <property name="java.vm.vendor" value="Oracle Corporation"/>
    <property name="java.vendor.url" value="http://java.oracle.com/"/>
    <property name="path.separator" value=";"/>
    <property name="java.vm.name" value="Java HotSpot(TM) 64-Bit Server VM"/>
    <property name="file.encoding.pkg" value="sun.io"/>
    <property name="user.script" value=""/>
    <property name="user.country" value="CN"/>
    <property name="sun.java.launcher" value="SUN_STANDARD"/>
    <property name="sun.os.patch.level" value=""/>
    <property name="java.vm.specification.name" value="Java Virtual Machine Specification"/>
    <property name="user.dir" value="D:\workspace\struts2\BOS\bos_management"/>
    <property name="java.runtime.version" value="1.7.0_80-b15"/>
    <property name="java.awt.graphicsenv" value="sun.awt.Win32GraphicsEnvironment"/>
    <property name="basedir" value="D:\workspace\struts2\BOS\bos_management"/>
    <property name="java.endorsed.dirs" value="C:\Program Files\Java\jdk1.7.0_80\jre\lib\endorsed"/>
    <property name="os.arch" value="amd64"/>
    <property name="surefire.real.class.path" value="D:\workspace\struts2\BOS\bos_management\target\surefire\surefirebooter1792797794004815687.jar"/>
    <property name="java.io.tmpdir" value="C:\Users\Dell\AppData\Local\Temp\"/>
    <property name="line.separator" value="
"/>
    <property name="java.vm.specification.vendor" value="Oracle Corporation"/>
    <property name="user.variant" value=""/>
    <property name="os.name" value="Windows 8.1"/>
    <property name="sun.jnu.encoding" value="GBK"/>
    <property name="java.library.path" value="C:\Program Files\Java\jdk1.7.0_80\jre\bin;C:\WINDOWS\Sun\Java\bin;C:\WINDOWS\system32;C:\WINDOWS;E:\Oracle\app\oracle\product\10.2.0\server\bin;C:\Program Files (x86)\Intel\iCLS Client\;C:\Program Files\Intel\iCLS Client\;C:\Windows\system32;C:\Windows;C:\Windows\System32\Wbem;C:\Windows\System32\WindowsPowerShell\v1.0\;C:\Program Files (x86)\NVIDIA Corporation\PhysX\Common;C:\Program Files (x86)\Intel\Intel(R) Management Engine Components\DAL;C:\Program Files\Intel\Intel(R) Management Engine Components\DAL;C:\Program Files (x86)\Intel\Intel(R) Management Engine Components\IPT;C:\Program Files\Intel\Intel(R) Management Engine Components\IPT;C:\WINDOWS\system32;C:\WINDOWS;C:\WINDOWS\System32\Wbem;C:\WINDOWS\System32\WindowsPowerShell\v1.0\;D:\MySQL\MySQL Server 5.5\bin;C:\Program Files\Java\jdk1.7.0_51\bin;E:\apache-maven-3.3.9\bin;C:\Program Files\Intel\WiFi\bin\;C:\Program Files\Common Files\Intel\WirelessCommon\;E:\SVN\VisualSVN Server\bin;E:\SVN\TortoiseSVN\bin;C:\Users\Dell\AppData\Local\Microsoft\WindowsApps;;."/>
    <property name="surefire.test.class.path" value="D:\workspace\struts2\BOS\bos_management\target\test-classes;D:\workspace\struts2\BOS\bos_management\target\classes;E:\apache-maven-3.3.9\repository\cn\itcast\projects\crm_domain\0.0.1-SNAPSHOT\crm_domain-0.0.1-SNAPSHOT.jar;E:\apache-maven-3.3.9\repository\cn\itcast\projects\bos_common\0.0.1-SNAPSHOT\bos_common-0.0.1-SNAPSHOT.jar;E:\apache-maven-3.3.9\repository\cn\itcast\projects\bos_domain\0.0.1-SNAPSHOT\bos_domain-0.0.1-SNAPSHOT.jar;E:\apache-maven-3.3.9\repository\org\springframework\spring-context\4.2.9.RELEASE\spring-context-4.2.9.RELEASE.jar;E:\apache-maven-3.3.9\repository\org\springframework\spring-aop\4.2.9.RELEASE\spring-aop-4.2.9.RELEASE.jar;E:\apache-maven-3.3.9\repository\aopalliance\aopalliance\1.0\aopalliance-1.0.jar;E:\apache-maven-3.3.9\repository\org\springframework\spring-beans\4.2.9.RELEASE\spring-beans-4.2.9.RELEASE.jar;E:\apache-maven-3.3.9\repository\org\springframework\spring-core\4.2.9.RELEASE\spring-core-4.2.9.RELEASE.jar;E:\apache-maven-3.3.9\repository\commons-logging\commons-logging\1.2\commons-logging-1.2.jar;E:\apache-maven-3.3.9\repository\org\springframework\spring-expression\4.2.9.RELEASE\spring-expression-4.2.9.RELEASE.jar;E:\apache-maven-3.3.9\repository\org\springframework\spring-web\4.2.9.RELEASE\spring-web-4.2.9.RELEASE.jar;E:\apache-maven-3.3.9\repository\org\springframework\spring-orm\4.2.9.RELEASE\spring-orm-4.2.9.RELEASE.jar;E:\apache-maven-3.3.9\repository\org\springframework\spring-jdbc\4.2.9.RELEASE\spring-jdbc-4.2.9.RELEASE.jar;E:\apache-maven-3.3.9\repository\org\springframework\spring-tx\4.2.9.RELEASE\spring-tx-4.2.9.RELEASE.jar;E:\apache-maven-3.3.9\repository\org\springframework\spring-aspects\4.2.9.RELEASE\spring-aspects-4.2.9.RELEASE.jar;E:\apache-maven-3.3.9\repository\org\aspectj\aspectjweaver\1.8.9\aspectjweaver-1.8.9.jar;E:\apache-maven-3.3.9\repository\org\springframework\spring-test\4.2.9.RELEASE\spring-test-4.2.9.RELEASE.jar;E:\apache-maven-3.3.9\repository\org\apache\struts\struts2-core\2.3.24\struts2-core-2.3.24.jar;E:\apache-maven-3.3.9\repository\org\apache\struts\xwork\xwork-core\2.3.24\xwork-core-2.3.24.jar;E:\apache-maven-3.3.9\repository\asm\asm\3.3\asm-3.3.jar;E:\apache-maven-3.3.9\repository\asm\asm-commons\3.3\asm-commons-3.3.jar;E:\apache-maven-3.3.9\repository\asm\asm-tree\3.3\asm-tree-3.3.jar;E:\apache-maven-3.3.9\repository\org\freemarker\freemarker\2.3.22\freemarker-2.3.22.jar;E:\apache-maven-3.3.9\repository\ognl\ognl\3.0.6\ognl-3.0.6.jar;E:\apache-maven-3.3.9\repository\javassist\javassist\3.11.0.GA\javassist-3.11.0.GA.jar;E:\apache-maven-3.3.9\repository\commons-fileupload\commons-fileupload\1.3.1\commons-fileupload-1.3.1.jar;E:\apache-maven-3.3.9\repository\commons-io\commons-io\2.2\commons-io-2.2.jar;E:\apache-maven-3.3.9\repository\org\apache\struts\struts2-spring-plugin\2.3.24\struts2-spring-plugin-2.3.24.jar;E:\apache-maven-3.3.9\repository\org\apache\commons\commons-lang3\3.2\commons-lang3-3.2.jar;E:\apache-maven-3.3.9\repository\org\apache\struts\struts2-convention-plugin\2.3.24\struts2-convention-plugin-2.3.24.jar;E:\apache-maven-3.3.9\repository\org\apache\struts\struts2-json-plugin\2.3.24\struts2-json-plugin-2.3.24.jar;E:\apache-maven-3.3.9\repository\org\hibernate\hibernate-core\5.0.1.Final\hibernate-core-5.0.1.Final.jar;E:\apache-maven-3.3.9\repository\org\jboss\logging\jboss-logging\3.3.0.Final\jboss-logging-3.3.0.Final.jar;E:\apache-maven-3.3.9\repository\org\apache\geronimo\specs\geronimo-jta_1.1_spec\1.1.1\geronimo-jta_1.1_spec-1.1.1.jar;E:\apache-maven-3.3.9\repository\org\hibernate\javax\persistence\hibernate-jpa-2.1-api\1.0.0.Final\hibernate-jpa-2.1-api-1.0.0.Final.jar;E:\apache-maven-3.3.9\repository\org\javassist\javassist\3.18.1-GA\javassist-3.18.1-GA.jar;E:\apache-maven-3.3.9\repository\antlr\antlr\2.7.7\antlr-2.7.7.jar;E:\apache-maven-3.3.9\repository\org\jboss\jandex\1.2.2.Final\jandex-1.2.2.Final.jar;E:\apache-maven-3.3.9\repository\dom4j\dom4j\1.6.1\dom4j-1.6.1.jar;E:\apache-maven-3.3.9\repository\xml-apis\xml-apis\1.0.b2\xml-apis-1.0.b2.jar;E:\apache-maven-3.3.9\repository\org\hibernate\common\hibernate-commons-annotations\5.0.0.Final\hibernate-commons-annotations-5.0.0.Final.jar;E:\apache-maven-3.3.9\repository\org\hibernate\hibernate-entitymanager\5.0.1.Final\hibernate-entitymanager-5.0.1.Final.jar;E:\apache-maven-3.3.9\repository\c3p0\c3p0\0.9.1.2\c3p0-0.9.1.2.jar;E:\apache-maven-3.3.9\repository\com\oracle\ojdbc6\11.2.0.1.0\ojdbc6-11.2.0.1.0.jar;E:\apache-maven-3.3.9\repository\org\slf4j\slf4j-log4j12\1.7.12\slf4j-log4j12-1.7.12.jar;E:\apache-maven-3.3.9\repository\org\slf4j\slf4j-api\1.7.12\slf4j-api-1.7.12.jar;E:\apache-maven-3.3.9\repository\log4j\log4j\1.2.17\log4j-1.2.17.jar;E:\apache-maven-3.3.9\repository\javax\servlet\servlet-api\2.5\servlet-api-2.5.jar;E:\apache-maven-3.3.9\repository\javax\servlet\jsp\jsp-api\2.1\jsp-api-2.1.jar;E:\apache-maven-3.3.9\repository\junit\junit\4.11\junit-4.11.jar;E:\apache-maven-3.3.9\repository\org\hamcrest\hamcrest-core\1.3\hamcrest-core-1.3.jar;E:\apache-maven-3.3.9\repository\org\springframework\data\spring-data-jpa\1.10.11.RELEASE\spring-data-jpa-1.10.11.RELEASE.jar;E:\apache-maven-3.3.9\repository\org\springframework\data\spring-data-commons\1.12.11.RELEASE\spring-data-commons-1.12.11.RELEASE.jar;E:\apache-maven-3.3.9\repository\org\aspectj\aspectjrt\1.8.9\aspectjrt-1.8.9.jar;E:\apache-maven-3.3.9\repository\org\slf4j\jcl-over-slf4j\1.7.25\jcl-over-slf4j-1.7.25.jar;E:\apache-maven-3.3.9\repository\org\apache\poi\poi\3.17\poi-3.17.jar;E:\apache-maven-3.3.9\repository\commons-codec\commons-codec\1.10\commons-codec-1.10.jar;E:\apache-maven-3.3.9\repository\org\apache\commons\commons-collections4\4.1\commons-collections4-4.1.jar;E:\apache-maven-3.3.9\repository\org\apache\poi\poi-ooxml\3.17\poi-ooxml-3.17.jar;E:\apache-maven-3.3.9\repository\org\apache\poi\poi-ooxml-schemas\3.17\poi-ooxml-schemas-3.17.jar;E:\apache-maven-3.3.9\repository\org\apache\xmlbeans\xmlbeans\2.6.0\xmlbeans-2.6.0.jar;E:\apache-maven-3.3.9\repository\com\github\virtuald\curvesapi\1.04\curvesapi-1.04.jar;E:\apache-maven-3.3.9\repository\com\github\stuxuhai\jpinyin\1.1.8\jpinyin-1.1.8.jar;E:\apache-maven-3.3.9\repository\org\apache\cxf\cxf-rt-frontend-jaxrs\3.1.9\cxf-rt-frontend-jaxrs-3.1.9.jar;E:\apache-maven-3.3.9\repository\org\apache\cxf\cxf-core\3.1.9\cxf-core-3.1.9.jar;E:\apache-maven-3.3.9\repository\org\codehaus\woodstox\woodstox-core-asl\4.4.1\woodstox-core-asl-4.4.1.jar;E:\apache-maven-3.3.9\repository\org\codehaus\woodstox\stax2-api\3.1.4\stax2-api-3.1.4.jar;E:\apache-maven-3.3.9\repository\org\apache\ws\xmlschema\xmlschema-core\2.2.1\xmlschema-core-2.2.1.jar;E:\apache-maven-3.3.9\repository\javax\ws\rs\javax.ws.rs-api\2.0.1\javax.ws.rs-api-2.0.1.jar;E:\apache-maven-3.3.9\repository\javax\annotation\javax.annotation-api\1.2\javax.annotation-api-1.2.jar;E:\apache-maven-3.3.9\repository\org\apache\cxf\cxf-rt-transports-http\3.1.9\cxf-rt-transports-http-3.1.9.jar;E:\apache-maven-3.3.9\repository\org\apache\cxf\cxf-rt-rs-extension-providers\3.1.9\cxf-rt-rs-extension-providers-3.1.9.jar;E:\apache-maven-3.3.9\repository\org\codehaus\jettison\jettison\1.3.8\jettison-1.3.8.jar;E:\apache-maven-3.3.9\repository\stax\stax-api\1.0.1\stax-api-1.0.1.jar;E:\apache-maven-3.3.9\repository\org\apache\cxf\cxf-rt-rs-client\3.1.9\cxf-rt-rs-client-3.1.9.jar;E:\apache-maven-3.3.9\repository\com\aliyun\aliyun-java-sdk-core\3.2.2\aliyun-java-sdk-core-3.2.2.jar;E:\apache-maven-3.3.9\repository\com\aliyun\aliyun-java-sdk-dysmsapi\1.0.0\aliyun-java-sdk-dysmsapi-1.0.0.jar;E:\apache-maven-3.3.9\repository\javax\mail\mail\1.4.7\mail-1.4.7.jar;E:\apache-maven-3.3.9\repository\javax\activation\activation\1.1\activation-1.1.jar;E:\apache-maven-3.3.9\repository\org\springframework\data\spring-data-redis\1.7.11.RELEASE\spring-data-redis-1.7.11.RELEASE.jar;E:\apache-maven-3.3.9\repository\org\springframework\data\spring-data-keyvalue\1.1.11.RELEASE\spring-data-keyvalue-1.1.11.RELEASE.jar;E:\apache-maven-3.3.9\repository\org\springframework\spring-oxm\4.2.9.RELEASE\spring-oxm-4.2.9.RELEASE.jar;E:\apache-maven-3.3.9\repository\redis\clients\jedis\2.6.2\jedis-2.6.2.jar;E:\apache-maven-3.3.9\repository\org\apache\commons\commons-pool2\2.0\commons-pool2-2.0.jar;E:\apache-maven-3.3.9\repository\org\springframework\spring-jms\4.2.9.RELEASE\spring-jms-4.2.9.RELEASE.jar;E:\apache-maven-3.3.9\repository\org\springframework\spring-messaging\4.2.9.RELEASE\spring-messaging-4.2.9.RELEASE.jar;E:\apache-maven-3.3.9\repository\org\apache\activemq\activemq-client\5.14.5\activemq-client-5.14.5.jar;E:\apache-maven-3.3.9\repository\org\apache\geronimo\specs\geronimo-jms_1.1_spec\1.1.1\geronimo-jms_1.1_spec-1.1.1.jar;E:\apache-maven-3.3.9\repository\org\fusesource\hawtbuf\hawtbuf\1.11\hawtbuf-1.11.jar;E:\apache-maven-3.3.9\repository\org\apache\geronimo\specs\geronimo-j2ee-management_1.1_spec\1.0.1\geronimo-j2ee-management_1.1_spec-1.0.1.jar;E:\apache-maven-3.3.9\repository\org\apache\activemq\activemq-spring\5.14.5\activemq-spring-5.14.5.jar;E:\apache-maven-3.3.9\repository\org\apache\xbean\xbean-spring\4.2\xbean-spring-4.2.jar;E:\apache-maven-3.3.9\repository\org\apache\activemq\activemq-broker\5.14.5\activemq-broker-5.14.5.jar;E:\apache-maven-3.3.9\repository\org\apache\activemq\activemq-openwire-legacy\5.14.5\activemq-openwire-legacy-5.14.5.jar;E:\apache-maven-3.3.9\repository\org\apache\activemq\activemq-pool\5.14.5\activemq-pool-5.14.5.jar;E:\apache-maven-3.3.9\repository\org\apache\activemq\activemq-jms-pool\5.14.5\activemq-jms-pool-5.14.5.jar;E:\apache-maven-3.3.9\repository\org\apache\geronimo\specs\geronimo-jta_1.0.1B_spec\1.0.1\geronimo-jta_1.0.1B_spec-1.0.1.jar;E:\apache-maven-3.3.9\repository\org\springframework\data\spring-data-elasticsearch\2.0.11.RELEASE\spring-data-elasticsearch-2.0.11.RELEASE.jar;E:\apache-maven-3.3.9\repository\commons-lang\commons-lang\2.6\commons-lang-2.6.jar;E:\apache-maven-3.3.9\repository\joda-time\joda-time\2.9.9\joda-time-2.9.9.jar;E:\apache-maven-3.3.9\repository\com\fasterxml\jackson\core\jackson-core\2.6.7\jackson-core-2.6.7.jar;E:\apache-maven-3.3.9\repository\com\fasterxml\jackson\core\jackson-databind\2.6.7\jackson-databind-2.6.7.jar;E:\apache-maven-3.3.9\repository\com\fasterxml\jackson\core\jackson-annotations\2.6.0\jackson-annotations-2.6.0.jar;E:\apache-maven-3.3.9\repository\org\elasticsearch\elasticsearch\2.4.5\elasticsearch-2.4.5.jar;E:\apache-maven-3.3.9\repository\org\apache\lucene\lucene-core\5.5.4\lucene-core-5.5.4.jar;E:\apache-maven-3.3.9\repository\org\apache\lucene\lucene-backward-codecs\5.5.4\lucene-backward-codecs-5.5.4.jar;E:\apache-maven-3.3.9\repository\org\apache\lucene\lucene-analyzers-common\5.5.4\lucene-analyzers-common-5.5.4.jar;E:\apache-maven-3.3.9\repository\org\apache\lucene\lucene-queries\5.5.4\lucene-queries-5.5.4.jar;E:\apache-maven-3.3.9\repository\org\apache\lucene\lucene-memory\5.5.4\lucene-memory-5.5.4.jar;E:\apache-maven-3.3.9\repository\org\apache\lucene\lucene-highlighter\5.5.4\lucene-highlighter-5.5.4.jar;E:\apache-maven-3.3.9\repository\org\apache\lucene\lucene-queryparser\5.5.4\lucene-queryparser-5.5.4.jar;E:\apache-maven-3.3.9\repository\org\apache\lucene\lucene-sandbox\5.5.4\lucene-sandbox-5.5.4.jar;E:\apache-maven-3.3.9\repository\org\apache\lucene\lucene-suggest\5.5.4\lucene-suggest-5.5.4.jar;E:\apache-maven-3.3.9\repository\org\apache\lucene\lucene-misc\5.5.4\lucene-misc-5.5.4.jar;E:\apache-maven-3.3.9\repository\org\apache\lucene\lucene-join\5.5.4\lucene-join-5.5.4.jar;E:\apache-maven-3.3.9\repository\org\apache\lucene\lucene-grouping\5.5.4\lucene-grouping-5.5.4.jar;E:\apache-maven-3.3.9\repository\org\apache\lucene\lucene-spatial\5.5.4\lucene-spatial-5.5.4.jar;E:\apache-maven-3.3.9\repository\org\apache\lucene\lucene-spatial3d\5.5.4\lucene-spatial3d-5.5.4.jar;E:\apache-maven-3.3.9\repository\com\spatial4j\spatial4j\0.5\spatial4j-0.5.jar;E:\apache-maven-3.3.9\repository\com\google\guava\guava\18.0\guava-18.0.jar;E:\apache-maven-3.3.9\repository\org\elasticsearch\securesm\1.0\securesm-1.0.jar;E:\apache-maven-3.3.9\repository\com\carrotsearch\hppc\0.7.1\hppc-0.7.1.jar;E:\apache-maven-3.3.9\repository\com\fasterxml\jackson\dataformat\jackson-dataformat-smile\2.8.1\jackson-dataformat-smile-2.8.1.jar;E:\apache-maven-3.3.9\repository\com\fasterxml\jackson\dataformat\jackson-dataformat-yaml\2.8.1\jackson-dataformat-yaml-2.8.1.jar;E:\apache-maven-3.3.9\repository\com\fasterxml\jackson\dataformat\jackson-dataformat-cbor\2.8.1\jackson-dataformat-cbor-2.8.1.jar;E:\apache-maven-3.3.9\repository\org\yaml\snakeyaml\1.15\snakeyaml-1.15.jar;E:\apache-maven-3.3.9\repository\io\netty\netty\3.10.6.Final\netty-3.10.6.Final.jar;E:\apache-maven-3.3.9\repository\com\ning\compress-lzf\1.0.2\compress-lzf-1.0.2.jar;E:\apache-maven-3.3.9\repository\com\tdunning\t-digest\3.0\t-digest-3.0.jar;E:\apache-maven-3.3.9\repository\org\hdrhistogram\HdrHistogram\2.1.6\HdrHistogram-2.1.6.jar;E:\apache-maven-3.3.9\repository\commons-cli\commons-cli\1.3.1\commons-cli-1.3.1.jar;E:\apache-maven-3.3.9\repository\com\twitter\jsr166e\1.1.0\jsr166e-1.1.0.jar;E:\apache-maven-3.3.9\repository\org\apache\shiro\shiro-core\1.3.2\shiro-core-1.3.2.jar;E:\apache-maven-3.3.9\repository\commons-beanutils\commons-beanutils\1.8.3\commons-beanutils-1.8.3.jar;E:\apache-maven-3.3.9\repository\org\apache\shiro\shiro-web\1.3.2\shiro-web-1.3.2.jar;E:\apache-maven-3.3.9\repository\org\apache\shiro\shiro-aspectj\1.3.2\shiro-aspectj-1.3.2.jar;E:\apache-maven-3.3.9\repository\org\apache\shiro\shiro-spring\1.3.2\shiro-spring-1.3.2.jar;E:\apache-maven-3.3.9\repository\org\apache\shiro\shiro-ehcache\1.3.2\shiro-ehcache-1.3.2.jar;E:\apache-maven-3.3.9\repository\net\sf\ehcache\ehcache-core\2.6.10\ehcache-core-2.6.10.jar;E:\apache-maven-3.3.9\repository\org\springframework\spring-context-support\4.2.9.RELEASE\spring-context-support-4.2.9.RELEASE.jar;E:\apache-maven-3.3.9\repository\org\quartz-scheduler\quartz\2.2.3\quartz-2.2.3.jar;E:\apache-maven-3.3.9\repository\org\quartz-scheduler\quartz-jobs\2.2.3\quartz-jobs-2.2.3.jar;"/>
    <property name="sun.nio.ch.bugLevel" value=""/>
    <property name="java.specification.name" value="Java Platform API Specification"/>
    <property name="java.class.version" value="51.0"/>
    <property name="sun.management.compiler" value="HotSpot 64-Bit Tiered Compilers"/>
    <property name="os.version" value="6.3"/>
    <property name="user.home" value="C:\Users\Dell"/>
    <property name="user.timezone" value="Asia/Shanghai"/>
    <property name="java.awt.printerjob" value="sun.awt.windows.WPrinterJob"/>
    <property name="java.specification.version" value="1.7"/>
    <property name="file.encoding" value="GBK"/>
    <property name="user.name" value="Dell"/>
    <property name="java.class.path" value="D:\workspace\struts2\BOS\bos_management\target\test-classes;D:\workspace\struts2\BOS\bos_management\target\classes;E:\apache-maven-3.3.9\repository\cn\itcast\projects\crm_domain\0.0.1-SNAPSHOT\crm_domain-0.0.1-SNAPSHOT.jar;E:\apache-maven-3.3.9\repository\cn\itcast\projects\bos_common\0.0.1-SNAPSHOT\bos_common-0.0.1-SNAPSHOT.jar;E:\apache-maven-3.3.9\repository\cn\itcast\projects\bos_domain\0.0.1-SNAPSHOT\bos_domain-0.0.1-SNAPSHOT.jar;E:\apache-maven-3.3.9\repository\org\springframework\spring-context\4.2.9.RELEASE\spring-context-4.2.9.RELEASE.jar;E:\apache-maven-3.3.9\repository\org\springframework\spring-aop\4.2.9.RELEASE\spring-aop-4.2.9.RELEASE.jar;E:\apache-maven-3.3.9\repository\aopalliance\aopalliance\1.0\aopalliance-1.0.jar;E:\apache-maven-3.3.9\repository\org\springframework\spring-beans\4.2.9.RELEASE\spring-beans-4.2.9.RELEASE.jar;E:\apache-maven-3.3.9\repository\org\springframework\spring-core\4.2.9.RELEASE\spring-core-4.2.9.RELEASE.jar;E:\apache-maven-3.3.9\repository\commons-logging\commons-logging\1.2\commons-logging-1.2.jar;E:\apache-maven-3.3.9\repository\org\springframework\spring-expression\4.2.9.RELEASE\spring-expression-4.2.9.RELEASE.jar;E:\apache-maven-3.3.9\repository\org\springframework\spring-web\4.2.9.RELEASE\spring-web-4.2.9.RELEASE.jar;E:\apache-maven-3.3.9\repository\org\springframework\spring-orm\4.2.9.RELEASE\spring-orm-4.2.9.RELEASE.jar;E:\apache-maven-3.3.9\repository\org\springframework\spring-jdbc\4.2.9.RELEASE\spring-jdbc-4.2.9.RELEASE.jar;E:\apache-maven-3.3.9\repository\org\springframework\spring-tx\4.2.9.RELEASE\spring-tx-4.2.9.RELEASE.jar;E:\apache-maven-3.3.9\repository\org\springframework\spring-aspects\4.2.9.RELEASE\spring-aspects-4.2.9.RELEASE.jar;E:\apache-maven-3.3.9\repository\org\aspectj\aspectjweaver\1.8.9\aspectjweaver-1.8.9.jar;E:\apache-maven-3.3.9\repository\org\springframework\spring-test\4.2.9.RELEASE\spring-test-4.2.9.RELEASE.jar;E:\apache-maven-3.3.9\repository\org\apache\struts\struts2-core\2.3.24\struts2-core-2.3.24.jar;E:\apache-maven-3.3.9\repository\org\apache\struts\xwork\xwork-core\2.3.24\xwork-core-2.3.24.jar;E:\apache-maven-3.3.9\repository\asm\asm\3.3\asm-3.3.jar;E:\apache-maven-3.3.9\repository\asm\asm-commons\3.3\asm-commons-3.3.jar;E:\apache-maven-3.3.9\repository\asm\asm-tree\3.3\asm-tree-3.3.jar;E:\apache-maven-3.3.9\repository\org\freemarker\freemarker\2.3.22\freemarker-2.3.22.jar;E:\apache-maven-3.3.9\repository\ognl\ognl\3.0.6\ognl-3.0.6.jar;E:\apache-maven-3.3.9\repository\javassist\javassist\3.11.0.GA\javassist-3.11.0.GA.jar;E:\apache-maven-3.3.9\repository\commons-fileupload\commons-fileupload\1.3.1\commons-fileupload-1.3.1.jar;E:\apache-maven-3.3.9\repository\commons-io\commons-io\2.2\commons-io-2.2.jar;E:\apache-maven-3.3.9\repository\org\apache\struts\struts2-spring-plugin\2.3.24\struts2-spring-plugin-2.3.24.jar;E:\apache-maven-3.3.9\repository\org\apache\commons\commons-lang3\3.2\commons-lang3-3.2.jar;E:\apache-maven-3.3.9\repository\org\apache\struts\struts2-convention-plugin\2.3.24\struts2-convention-plugin-2.3.24.jar;E:\apache-maven-3.3.9\repository\org\apache\struts\struts2-json-plugin\2.3.24\struts2-json-plugin-2.3.24.jar;E:\apache-maven-3.3.9\repository\org\hibernate\hibernate-core\5.0.1.Final\hibernate-core-5.0.1.Final.jar;E:\apache-maven-3.3.9\repository\org\jboss\logging\jboss-logging\3.3.0.Final\jboss-logging-3.3.0.Final.jar;E:\apache-maven-3.3.9\repository\org\apache\geronimo\specs\geronimo-jta_1.1_spec\1.1.1\geronimo-jta_1.1_spec-1.1.1.jar;E:\apache-maven-3.3.9\repository\org\hibernate\javax\persistence\hibernate-jpa-2.1-api\1.0.0.Final\hibernate-jpa-2.1-api-1.0.0.Final.jar;E:\apache-maven-3.3.9\repository\org\javassist\javassist\3.18.1-GA\javassist-3.18.1-GA.jar;E:\apache-maven-3.3.9\repository\antlr\antlr\2.7.7\antlr-2.7.7.jar;E:\apache-maven-3.3.9\repository\org\jboss\jandex\1.2.2.Final\jandex-1.2.2.Final.jar;E:\apache-maven-3.3.9\repository\dom4j\dom4j\1.6.1\dom4j-1.6.1.jar;E:\apache-maven-3.3.9\repository\xml-apis\xml-apis\1.0.b2\xml-apis-1.0.b2.jar;E:\apache-maven-3.3.9\repository\org\hibernate\common\hibernate-commons-annotations\5.0.0.Final\hibernate-commons-annotations-5.0.0.Final.jar;E:\apache-maven-3.3.9\repository\org\hibernate\hibernate-entitymanager\5.0.1.Final\hibernate-entitymanager-5.0.1.Final.jar;E:\apache-maven-3.3.9\repository\c3p0\c3p0\0.9.1.2\c3p0-0.9.1.2.jar;E:\apache-maven-3.3.9\repository\com\oracle\ojdbc6\11.2.0.1.0\ojdbc6-11.2.0.1.0.jar;E:\apache-maven-3.3.9\repository\org\slf4j\slf4j-log4j12\1.7.12\slf4j-log4j12-1.7.12.jar;E:\apache-maven-3.3.9\repository\org\slf4j\slf4j-api\1.7.12\slf4j-api-1.7.12.jar;E:\apache-maven-3.3.9\repository\log4j\log4j\1.2.17\log4j-1.2.17.jar;E:\apache-maven-3.3.9\repository\javax\servlet\servlet-api\2.5\servlet-api-2.5.jar;E:\apache-maven-3.3.9\repository\javax\servlet\jsp\jsp-api\2.1\jsp-api-2.1.jar;E:\apache-maven-3.3.9\repository\junit\junit\4.11\junit-4.11.jar;E:\apache-maven-3.3.9\repository\org\hamcrest\hamcrest-core\1.3\hamcrest-core-1.3.jar;E:\apache-maven-3.3.9\repository\org\springframework\data\spring-data-jpa\1.10.11.RELEASE\spring-data-jpa-1.10.11.RELEASE.jar;E:\apache-maven-3.3.9\repository\org\springframework\data\spring-data-commons\1.12.11.RELEASE\spring-data-commons-1.12.11.RELEASE.jar;E:\apache-maven-3.3.9\repository\org\aspectj\aspectjrt\1.8.9\aspectjrt-1.8.9.jar;E:\apache-maven-3.3.9\repository\org\slf4j\jcl-over-slf4j\1.7.25\jcl-over-slf4j-1.7.25.jar;E:\apache-maven-3.3.9\repository\org\apache\poi\poi\3.17\poi-3.17.jar;E:\apache-maven-3.3.9\repository\commons-codec\commons-codec\1.10\commons-codec-1.10.jar;E:\apache-maven-3.3.9\repository\org\apache\commons\commons-collections4\4.1\commons-collections4-4.1.jar;E:\apache-maven-3.3.9\repository\org\apache\poi\poi-ooxml\3.17\poi-ooxml-3.17.jar;E:\apache-maven-3.3.9\repository\org\apache\poi\poi-ooxml-schemas\3.17\poi-ooxml-schemas-3.17.jar;E:\apache-maven-3.3.9\repository\org\apache\xmlbeans\xmlbeans\2.6.0\xmlbeans-2.6.0.jar;E:\apache-maven-3.3.9\repository\com\github\virtuald\curvesapi\1.04\curvesapi-1.04.jar;E:\apache-maven-3.3.9\repository\com\github\stuxuhai\jpinyin\1.1.8\jpinyin-1.1.8.jar;E:\apache-maven-3.3.9\repository\org\apache\cxf\cxf-rt-frontend-jaxrs\3.1.9\cxf-rt-frontend-jaxrs-3.1.9.jar;E:\apache-maven-3.3.9\repository\org\apache\cxf\cxf-core\3.1.9\cxf-core-3.1.9.jar;E:\apache-maven-3.3.9\repository\org\codehaus\woodstox\woodstox-core-asl\4.4.1\woodstox-core-asl-4.4.1.jar;E:\apache-maven-3.3.9\repository\org\codehaus\woodstox\stax2-api\3.1.4\stax2-api-3.1.4.jar;E:\apache-maven-3.3.9\repository\org\apache\ws\xmlschema\xmlschema-core\2.2.1\xmlschema-core-2.2.1.jar;E:\apache-maven-3.3.9\repository\javax\ws\rs\javax.ws.rs-api\2.0.1\javax.ws.rs-api-2.0.1.jar;E:\apache-maven-3.3.9\repository\javax\annotation\javax.annotation-api\1.2\javax.annotation-api-1.2.jar;E:\apache-maven-3.3.9\repository\org\apache\cxf\cxf-rt-transports-http\3.1.9\cxf-rt-transports-http-3.1.9.jar;E:\apache-maven-3.3.9\repository\org\apache\cxf\cxf-rt-rs-extension-providers\3.1.9\cxf-rt-rs-extension-providers-3.1.9.jar;E:\apache-maven-3.3.9\repository\org\codehaus\jettison\jettison\1.3.8\jettison-1.3.8.jar;E:\apache-maven-3.3.9\repository\stax\stax-api\1.0.1\stax-api-1.0.1.jar;E:\apache-maven-3.3.9\repository\org\apache\cxf\cxf-rt-rs-client\3.1.9\cxf-rt-rs-client-3.1.9.jar;E:\apache-maven-3.3.9\repository\com\aliyun\aliyun-java-sdk-core\3.2.2\aliyun-java-sdk-core-3.2.2.jar;E:\apache-maven-3.3.9\repository\com\aliyun\aliyun-java-sdk-dysmsapi\1.0.0\aliyun-java-sdk-dysmsapi-1.0.0.jar;E:\apache-maven-3.3.9\repository\javax\mail\mail\1.4.7\mail-1.4.7.jar;E:\apache-maven-3.3.9\repository\javax\activation\activation\1.1\activation-1.1.jar;E:\apache-maven-3.3.9\repository\org\springframework\data\spring-data-redis\1.7.11.RELEASE\spring-data-redis-1.7.11.RELEASE.jar;E:\apache-maven-3.3.9\repository\org\springframework\data\spring-data-keyvalue\1.1.11.RELEASE\spring-data-keyvalue-1.1.11.RELEASE.jar;E:\apache-maven-3.3.9\repository\org\springframework\spring-oxm\4.2.9.RELEASE\spring-oxm-4.2.9.RELEASE.jar;E:\apache-maven-3.3.9\repository\redis\clients\jedis\2.6.2\jedis-2.6.2.jar;E:\apache-maven-3.3.9\repository\org\apache\commons\commons-pool2\2.0\commons-pool2-2.0.jar;E:\apache-maven-3.3.9\repository\org\springframework\spring-jms\4.2.9.RELEASE\spring-jms-4.2.9.RELEASE.jar;E:\apache-maven-3.3.9\repository\org\springframework\spring-messaging\4.2.9.RELEASE\spring-messaging-4.2.9.RELEASE.jar;E:\apache-maven-3.3.9\repository\org\apache\activemq\activemq-client\5.14.5\activemq-client-5.14.5.jar;E:\apache-maven-3.3.9\repository\org\apache\geronimo\specs\geronimo-jms_1.1_spec\1.1.1\geronimo-jms_1.1_spec-1.1.1.jar;E:\apache-maven-3.3.9\repository\org\fusesource\hawtbuf\hawtbuf\1.11\hawtbuf-1.11.jar;E:\apache-maven-3.3.9\repository\org\apache\geronimo\specs\geronimo-j2ee-management_1.1_spec\1.0.1\geronimo-j2ee-management_1.1_spec-1.0.1.jar;E:\apache-maven-3.3.9\repository\org\apache\activemq\activemq-spring\5.14.5\activemq-spring-5.14.5.jar;E:\apache-maven-3.3.9\repository\org\apache\xbean\xbean-spring\4.2\xbean-spring-4.2.jar;E:\apache-maven-3.3.9\repository\org\apache\activemq\activemq-broker\5.14.5\activemq-broker-5.14.5.jar;E:\apache-maven-3.3.9\repository\org\apache\activemq\activemq-openwire-legacy\5.14.5\activemq-openwire-legacy-5.14.5.jar;E:\apache-maven-3.3.9\repository\org\apache\activemq\activemq-pool\5.14.5\activemq-pool-5.14.5.jar;E:\apache-maven-3.3.9\repository\org\apache\activemq\activemq-jms-pool\5.14.5\activemq-jms-pool-5.14.5.jar;E:\apache-maven-3.3.9\repository\org\apache\geronimo\specs\geronimo-jta_1.0.1B_spec\1.0.1\geronimo-jta_1.0.1B_spec-1.0.1.jar;E:\apache-maven-3.3.9\repository\org\springframework\data\spring-data-elasticsearch\2.0.11.RELEASE\spring-data-elasticsearch-2.0.11.RELEASE.jar;E:\apache-maven-3.3.9\repository\commons-lang\commons-lang\2.6\commons-lang-2.6.jar;E:\apache-maven-3.3.9\repository\joda-time\joda-time\2.9.9\joda-time-2.9.9.jar;E:\apache-maven-3.3.9\repository\com\fasterxml\jackson\core\jackson-core\2.6.7\jackson-core-2.6.7.jar;E:\apache-maven-3.3.9\repository\com\fasterxml\jackson\core\jackson-databind\2.6.7\jackson-databind-2.6.7.jar;E:\apache-maven-3.3.9\repository\com\fasterxml\jackson\core\jackson-annotations\2.6.0\jackson-annotations-2.6.0.jar;E:\apache-maven-3.3.9\repository\org\elasticsearch\elasticsearch\2.4.5\elasticsearch-2.4.5.jar;E:\apache-maven-3.3.9\repository\org\apache\lucene\lucene-core\5.5.4\lucene-core-5.5.4.jar;E:\apache-maven-3.3.9\repository\org\apache\lucene\lucene-backward-codecs\5.5.4\lucene-backward-codecs-5.5.4.jar;E:\apache-maven-3.3.9\repository\org\apache\lucene\lucene-analyzers-common\5.5.4\lucene-analyzers-common-5.5.4.jar;E:\apache-maven-3.3.9\repository\org\apache\lucene\lucene-queries\5.5.4\lucene-queries-5.5.4.jar;E:\apache-maven-3.3.9\repository\org\apache\lucene\lucene-memory\5.5.4\lucene-memory-5.5.4.jar;E:\apache-maven-3.3.9\repository\org\apache\lucene\lucene-highlighter\5.5.4\lucene-highlighter-5.5.4.jar;E:\apache-maven-3.3.9\repository\org\apache\lucene\lucene-queryparser\5.5.4\lucene-queryparser-5.5.4.jar;E:\apache-maven-3.3.9\repository\org\apache\lucene\lucene-sandbox\5.5.4\lucene-sandbox-5.5.4.jar;E:\apache-maven-3.3.9\repository\org\apache\lucene\lucene-suggest\5.5.4\lucene-suggest-5.5.4.jar;E:\apache-maven-3.3.9\repository\org\apache\lucene\lucene-misc\5.5.4\lucene-misc-5.5.4.jar;E:\apache-maven-3.3.9\repository\org\apache\lucene\lucene-join\5.5.4\lucene-join-5.5.4.jar;E:\apache-maven-3.3.9\repository\org\apache\lucene\lucene-grouping\5.5.4\lucene-grouping-5.5.4.jar;E:\apache-maven-3.3.9\repository\org\apache\lucene\lucene-spatial\5.5.4\lucene-spatial-5.5.4.jar;E:\apache-maven-3.3.9\repository\org\apache\lucene\lucene-spatial3d\5.5.4\lucene-spatial3d-5.5.4.jar;E:\apache-maven-3.3.9\repository\com\spatial4j\spatial4j\0.5\spatial4j-0.5.jar;E:\apache-maven-3.3.9\repository\com\google\guava\guava\18.0\guava-18.0.jar;E:\apache-maven-3.3.9\repository\org\elasticsearch\securesm\1.0\securesm-1.0.jar;E:\apache-maven-3.3.9\repository\com\carrotsearch\hppc\0.7.1\hppc-0.7.1.jar;E:\apache-maven-3.3.9\repository\com\fasterxml\jackson\dataformat\jackson-dataformat-smile\2.8.1\jackson-dataformat-smile-2.8.1.jar;E:\apache-maven-3.3.9\repository\com\fasterxml\jackson\dataformat\jackson-dataformat-yaml\2.8.1\jackson-dataformat-yaml-2.8.1.jar;E:\apache-maven-3.3.9\repository\com\fasterxml\jackson\dataformat\jackson-dataformat-cbor\2.8.1\jackson-dataformat-cbor-2.8.1.jar;E:\apache-maven-3.3.9\repository\org\yaml\snakeyaml\1.15\snakeyaml-1.15.jar;E:\apache-maven-3.3.9\repository\io\netty\netty\3.10.6.Final\netty-3.10.6.Final.jar;E:\apache-maven-3.3.9\repository\com\ning\compress-lzf\1.0.2\compress-lzf-1.0.2.jar;E:\apache-maven-3.3.9\repository\com\tdunning\t-digest\3.0\t-digest-3.0.jar;E:\apache-maven-3.3.9\repository\org\hdrhistogram\HdrHistogram\2.1.6\HdrHistogram-2.1.6.jar;E:\apache-maven-3.3.9\repository\commons-cli\commons-cli\1.3.1\commons-cli-1.3.1.jar;E:\apache-maven-3.3.9\repository\com\twitter\jsr166e\1.1.0\jsr166e-1.1.0.jar;E:\apache-maven-3.3.9\repository\org\apache\shiro\shiro-core\1.3.2\shiro-core-1.3.2.jar;E:\apache-maven-3.3.9\repository\commons-beanutils\commons-beanutils\1.8.3\commons-beanutils-1.8.3.jar;E:\apache-maven-3.3.9\repository\org\apache\shiro\shiro-web\1.3.2\shiro-web-1.3.2.jar;E:\apache-maven-3.3.9\repository\org\apache\shiro\shiro-aspectj\1.3.2\shiro-aspectj-1.3.2.jar;E:\apache-maven-3.3.9\repository\org\apache\shiro\shiro-spring\1.3.2\shiro-spring-1.3.2.jar;E:\apache-maven-3.3.9\repository\org\apache\shiro\shiro-ehcache\1.3.2\shiro-ehcache-1.3.2.jar;E:\apache-maven-3.3.9\repository\net\sf\ehcache\ehcache-core\2.6.10\ehcache-core-2.6.10.jar;E:\apache-maven-3.3.9\repository\org\springframework\spring-context-support\4.2.9.RELEASE\spring-context-support-4.2.9.RELEASE.jar;E:\apache-maven-3.3.9\repository\org\quartz-scheduler\quartz\2.2.3\quartz-2.2.3.jar;E:\apache-maven-3.3.9\repository\org\quartz-scheduler\quartz-jobs\2.2.3\quartz-jobs-2.2.3.jar;"/>
    <property name="java.vm.specification.version" value="1.7"/>
    <property name="sun.arch.data.model" value="64"/>
    <property name="java.home" value="C:\Program Files\Java\jdk1.7.0_80\jre"/>
    <property name="sun.java.command" value="D:\workspace\struts2\BOS\bos_management\target\surefire\surefirebooter1792797794004815687.jar D:\workspace\struts2\BOS\bos_management\target\surefire\surefire3264887737603690373tmp D:\workspace\struts2\BOS\bos_management\target\surefire\surefire1295446972259557197tmp"/>
    <property name="java.specification.vendor" value="Oracle Corporation"/>
    <property name="user.language" value="zh"/>
    <property name="awt.toolkit" value="sun.awt.windows.WToolkit"/>
    <property name="java.vm.info" value="mixed mode"/>
    <property name="java.version" value="1.7.0_80"/>
    <property name="java.ext.dirs" value="C:\Program Files\Java\jdk1.7.0_80\jre\lib\ext;C:\WINDOWS\Sun\Java\lib\ext"/>
    <property name="sun.boot.class.path" value="C:\Program Files\Java\jdk1.7.0_80\jre\lib\resources.jar;C:\Program Files\Java\jdk1.7.0_80\jre\lib\rt.jar;C:\Program Files\Java\jdk1.7.0_80\jre\lib\sunrsasign.jar;C:\Program Files\Java\jdk1.7.0_80\jre\lib\jsse.jar;C:\Program Files\Java\jdk1.7.0_80\jre\lib\jce.jar;C:\Program Files\Java\jdk1.7.0_80\jre\lib\charsets.jar;C:\Program Files\Java\jdk1.7.0_80\jre\lib\jfr.jar;C:\Program Files\Java\jdk1.7.0_80\jre\classes"/>
    <property name="java.vendor" value="Oracle Corporation"/>
    <property name="localRepository" value="E:\apache-maven-3.3.9\repository"/>
    <property name="file.separator" value="\"/>
    <property name="java.vendor.url.bug" value="http://bugreport.sun.com/bugreport/"/>
    <property name="sun.cpu.endian" value="little"/>
    <property name="sun.io.unicode.encoding" value="UnicodeLittle"/>
    <property name="sun.desktop" value="windows"/>
    <property name="sun.cpu.isalist" value="amd64"/>
  </properties>
  <testcase time="0.051" classname="cn.itcast.bos.dao.base.StandardRepositoryTest" name="testFindNameById"/>
  <testcase time="0.042" classname="cn.itcast.bos.dao.base.StandardRepositoryTest" name="testFindAll"/>
  <testcase time="0.018" classname="cn.itcast.bos.dao.base.StandardRepositoryTest" name="testSave"/>
  <testcase time="0.016" classname="cn.itcast.bos.dao.base.StandardRepositoryTest" name="testFindByName"/>
  <testcase time="0.012" classname="cn.itcast.bos.dao.base.StandardRepositoryTest" name="testUpdateNameById">
    <error message="Executing an update/delete query; nested exception is javax.persistence.TransactionRequiredException: Executing an update/delete query" type="org.springframework.dao.InvalidDataAccessApiUsageException">org.springframework.dao.InvalidDataAccessApiUsageException: Executing an update/delete query; nested exception is javax.persistence.TransactionRequiredException: Executing an update/delete query
	at org.springframework.orm.jpa.EntityManagerFactoryUtils.convertJpaAccessExceptionIfPossible(EntityManagerFactoryUtils.java:413)
	at org.springframework.orm.jpa.vendor.HibernateJpaDialect.translateExceptionIfPossible(HibernateJpaDialect.java:227)
	at org.springframework.orm.jpa.AbstractEntityManagerFactoryBean.translateExceptionIfPossible(AbstractEntityManagerFactoryBean.java:436)
	at org.springframework.dao.support.ChainedPersistenceExceptionTranslator.translateExceptionIfPossible(ChainedPersistenceExceptionTranslator.java:59)
	at org.springframework.dao.support.DataAccessUtils.translateIfNecessary(DataAccessUtils.java:213)
	at org.springframework.dao.support.PersistenceExceptionTranslationInterceptor.invoke(PersistenceExceptionTranslationInterceptor.java:147)
	at org.springframework.aop.framework.ReflectiveMethodInvocation.proceed(ReflectiveMethodInvocation.java:179)
	at org.springframework.data.jpa.repository.support.CrudMethodMetadataPostProcessor$CrudMethodMetadataPopulatingMethodInterceptor.invoke(CrudMethodMetadataPostProcessor.java:133)
	at org.springframework.aop.framework.ReflectiveMethodInvocation.proceed(ReflectiveMethodInvocation.java:179)
	at org.springframework.aop.interceptor.ExposeInvocationInterceptor.invoke(ExposeInvocationInterceptor.java:92)
	at org.springframework.aop.framework.ReflectiveMethodInvocation.proceed(ReflectiveMethodInvocation.java:179)
	at org.springframework.aop.framework.JdkDynamicAopProxy.invoke(JdkDynamicAopProxy.java:208)
	at com.sun.proxy.$Proxy71.updateNameById(Unknown Source)
	at cn.itcast.bos.dao.base.StandardRepositoryTest.testUpdateNameById(StandardRepositoryTest.java:58)
	at sun.reflect.NativeMethodAccessorImpl.invoke0(Native Method)
	at sun.reflect.NativeMethodAccessorImpl.invoke(NativeMethodAccessorImpl.java:57)
	at sun.reflect.DelegatingMethodAccessorImpl.invoke(DelegatingMethodAccessorImpl.java:43)
	at java.lang.reflect.Method.invoke(Method.java:606)
	at org.junit.runners.model.FrameworkMethod$1.runReflectiveCall(FrameworkMethod.java:47)
	at org.junit.internal.runners.model.ReflectiveCallable.run(ReflectiveCallable.java:12)
	at org.junit.runners.model.FrameworkMethod.invokeExplosively(FrameworkMethod.java:44)
	at org.junit.internal.runners.statements.InvokeMethod.evaluate(InvokeMethod.java:17)
	at org.springframework.test.context.junit4.statements.RunBeforeTestMethodCallbacks.evaluate(RunBeforeTestMethodCallbacks.java:75)
	at org.springframework.test.context.junit4.statements.RunAfterTestMethodCallbacks.evaluate(RunAfterTestMethodCallbacks.java:86)
	at org.springframework.test.context.junit4.statements.SpringRepeat.evaluate(SpringRepeat.java:84)
	at org.junit.runners.ParentRunner.runLeaf(ParentRunner.java:271)
	at org.springframework.test.context.junit4.SpringJUnit4ClassRunner.runChild(SpringJUnit4ClassRunner.java:254)
	at org.springframework.test.context.junit4.SpringJUnit4ClassRunner.runChild(SpringJUnit4ClassRunner.java:89)
	at org.junit.runners.ParentRunner$3.run(ParentRunner.java:238)
	at org.junit.runners.ParentRunner$1.schedule(ParentRunner.java:63)
	at org.junit.runners.ParentRunner.runChildren(ParentRunner.java:236)
	at org.junit.runners.ParentRunner.access$000(ParentRunner.java:53)
	at org.junit.runners.ParentRunner$2.evaluate(ParentRunner.java:229)
	at org.springframework.test.context.junit4.statements.RunBeforeTestClassCallbacks.evaluate(RunBeforeTestClassCallbacks.java:61)
	at org.springframework.test.context.junit4.statements.RunAfterTestClassCallbacks.evaluate(RunAfterTestClassCallbacks.java:70)
	at org.junit.runners.ParentRunner.run(ParentRunner.java:309)
	at org.springframework.test.context.junit4.SpringJUnit4ClassRunner.run(SpringJUnit4ClassRunner.java:193)
	at org.apache.maven.surefire.junit4.JUnit4TestSet.execute(JUnit4TestSet.java:104)
	at org.apache.maven.surefire.junit4.JUnit4Provider.executeTestSet(JUnit4Provider.java:147)
	at org.apache.maven.surefire.junit4.JUnit4Provider.invoke(JUnit4Provider.java:98)
	at sun.reflect.NativeMethodAccessorImpl.invoke0(Native Method)
	at sun.reflect.NativeMethodAccessorImpl.invoke(NativeMethodAccessorImpl.java:57)
	at sun.reflect.DelegatingMethodAccessorImpl.invoke(DelegatingMethodAccessorImpl.java:43)
	at java.lang.reflect.Method.invoke(Method.java:606)
	at org.apache.maven.surefire.booter.ProviderFactory$ClassLoaderProxy.invoke(ProviderFactory.java:101)
	at com.sun.proxy.$Proxy0.invoke(Unknown Source)
	at org.apache.maven.surefire.booter.SurefireStarter.invokeProvider(SurefireStarter.java:139)
	at org.apache.maven.surefire.booter.SurefireStarter.runSuitesInProcess(SurefireStarter.java:82)
	at org.apache.maven.surefire.booter.ForkedBooter.main(ForkedBooter.java:81)
Caused by: javax.persistence.TransactionRequiredException: Executing an update/delete query
	at org.hibernate.jpa.spi.AbstractQueryImpl.executeUpdate(AbstractQueryImpl.java:54)
	at sun.reflect.NativeMethodAccessorImpl.invoke0(Native Method)
	at sun.reflect.NativeMethodAccessorImpl.invoke(NativeMethodAccessorImpl.java:57)
	at sun.reflect.DelegatingMethodAccessorImpl.invoke(DelegatingMethodAccessorImpl.java:43)
	at java.lang.reflect.Method.invoke(Method.java:606)
	at org.springframework.orm.jpa.SharedEntityManagerCreator$DeferredQueryInvocationHandler.invoke(SharedEntityManagerCreator.java:368)
	at com.sun.proxy.$Proxy109.executeUpdate(Unknown Source)
	at org.springframework.data.jpa.repository.query.JpaQueryExecution$ModifyingExecution.doExecute(JpaQueryExecution.java:242)
	at org.springframework.data.jpa.repository.query.JpaQueryExecution.execute(JpaQueryExecution.java:82)
	at org.springframework.data.jpa.repository.query.AbstractJpaQuery.doExecute(AbstractJpaQuery.java:116)
	at org.springframework.data.jpa.repository.query.AbstractJpaQuery.execute(AbstractJpaQuery.java:106)
	at org.springframework.data.repository.core.support.RepositoryFactorySupport$QueryExecutorMethodInterceptor.doInvoke(RepositoryFactorySupport.java:482)
	at org.springframework.data.repository.core.support.RepositoryFactorySupport$QueryExecutorMethodInterceptor.invoke(RepositoryFactorySupport.java:460)
	at org.springframework.aop.framework.ReflectiveMethodInvocation.proceed(ReflectiveMethodInvocation.java:179)
	at org.springframework.transaction.interceptor.TransactionInterceptor$1.proceedWithInvocation(TransactionInterceptor.java:99)
	at org.springframework.transaction.interceptor.TransactionAspectSupport.invokeWithinTransaction(TransactionAspectSupport.java:281)
	at org.springframework.transaction.interceptor.TransactionInterceptor.invoke(TransactionInterceptor.java:96)
	at org.springframework.aop.framework.ReflectiveMethodInvocation.proceed(ReflectiveMethodInvocation.java:179)
	at org.springframework.dao.support.PersistenceExceptionTranslationInterceptor.invoke(PersistenceExceptionTranslationInterceptor.java:136)
	... 43 more
</error>
  </testcase>
  <testcase time="0.008" classname="cn.itcast.bos.dao.base.StandardRepositoryTest" name="testFindByNameLike"/>
</testsuite>